2016-10-25 16:45:57,205 - teradata.udaexec - INFO - Initializing UdaExec...
2016-10-25 16:45:57,205 - teradata.udaexec - INFO - Reading config files: ['/etc/udaexec.ini: Not Found', '/Users/vro173/udaexec.ini: Not Found', '/Users/vro173/Documents/Python_programs/udaexec.ini: Not Found']
2016-10-25 16:45:57,205 - teradata.udaexec - INFO - Found run number file: "/Users/vro173/Documents/Python_programs/.runNumber"
2016-10-25 16:45:57,205 - teradata.udaexec - INFO - Cleaning up log files older than 90 days.
2016-10-25 16:45:57,205 - teradata.udaexec - INFO - Removed 0 log files.
2016-10-25 16:45:57,248 - teradata.udaexec - INFO - Checkpoint file not found: /Users/vro173/Documents/Python_programs/HelloWorld.checkpoint
2016-10-25 16:45:57,249 - teradata.udaexec - INFO - No previous checkpoint found, executing from beginning...
2016-10-25 16:45:57,249 - teradata.udaexec - INFO - Execution Details:
/********************************************************************************
 * Application Name: HelloWorld
 *          Version: 1.0
 *       Run Number: 20161025164557-23
 *             Host: acbc32a00557
 *         Platform: Darwin-15.6.0-x86_64-i386-64bit
 *          OS User: vro173
 *   Python Version: 3.5.2
 *  Python Compiler: GCC 4.2.1 Compatible Apple LLVM 4.2 (clang-425.0.28)
 *     Python Build: ('default', 'Jul  2 2016 17:52:12')
 *  UdaExec Version: 15.10.0.20
 *     Program Name: classify_tables.py
 *      Working Dir: /Users/vro173/Documents/Python_programs
 *          Log Dir: /Users/vro173/Documents/Python_programs/logs
 *         Log File: /Users/vro173/Documents/Python_programs/logs/HelloWorld.20161025164557-23.log
 *     Config Files: ['/etc/udaexec.ini: Not Found', '/Users/vro173/udaexec.ini: Not Found', '/Users/vro173/Documents/Python_programs/udaexec.ini: Not Found']
 *      Query Bands: ApplicationName=HelloWorld;Version=1.0;JobID=20161025164557-23;ClientUser=vro173;Production=False;udaAppLogFile=/Users/vro173/Documents/Python_programs/logs/HelloWorld.20161025164557-23.log;UtilityName=PyTd;UtilityVersion=15.10.0.20
********************************************************************************/
2016-10-25 16:45:57,257 - teradata.udaexec - INFO - Creating connection: {'method': 'odbc', 'username': 'vro173', 'password': 'XXXXXX', 'system': 'oneview'}
2016-10-25 16:45:57,258 - teradata.tdodbc - INFO - Loading ODBC Library: libiodbc.dylib
2016-10-25 16:45:57,263 - teradata.tdodbc - INFO - Available drivers: Amazon Redshift, MapR Drill ODBC Driver, MySQL ODBC 5.3 ANSI Driver, MySQL ODBC 5.3 Unicode Driver, PostgreSQL Unicode, Simba SQL Server ODBC Driver, Teradata
2016-10-25 16:46:00,002 - teradata.udaexec - INFO - Connection successful. Duration: 2.744 seconds. Details: {'method': 'odbc', 'username': 'vro173', 'password': 'XXXXXX', 'system': 'oneview'}
2016-10-25 16:46:10,730 - teradata.udaexec - INFO - Query Successful. Duration: 6.843 seconds, Rows: 79, Query: SELECT DATABASENAME, TABLENAME, COLUMNNAME FROM DBC.COLUMNS where DATABASENAME='PBANKSDP_TB' AND TABLENAME = 'AND_IVR_Q1_2012_012014';
2016-10-25 16:46:29,776 - teradata.udaexec - INFO - Query Successful. Duration: 19.037 seconds, Rows: 79, Query: SELECT DATABASENAME, TABLENAME, COLUMNNAME FROM DBC.COLUMNS where DATABASENAME='PBANKSDP_TB' AND TABLENAME = 'AND_IVR_Q1_2013_012014';
2016-10-25 16:46:34,179 - teradata.udaexec - INFO - Query Successful. Duration: 4.391 seconds, Rows: 79, Query: SELECT DATABASENAME, TABLENAME, COLUMNNAME FROM DBC.COLUMNS where DATABASENAME='PBANKSDP_TB' AND TABLENAME = 'AND_IVR_Q2_2012_012014';
2016-10-25 16:46:47,083 - teradata.udaexec - INFO - Query Successful. Duration: 12.875 seconds, Rows: 79, Query: SELECT DATABASENAME, TABLENAME, COLUMNNAME FROM DBC.COLUMNS where DATABASENAME='PBANKSDP_TB' AND TABLENAME = 'AND_IVR_Q2_2013_012014';
2016-10-25 16:46:55,685 - teradata.udaexec - INFO - Query Successful. Duration: 8.592 seconds, Rows: 79, Query: SELECT DATABASENAME, TABLENAME, COLUMNNAME FROM DBC.COLUMNS where DATABASENAME='PBANKSDP_TB' AND TABLENAME = 'AND_IVR_Q3_2012_012014';
2016-10-25 16:47:04,594 - teradata.udaexec - INFO - Query Successful. Duration: 8.900 seconds, Rows: 79, Query: SELECT DATABASENAME, TABLENAME, COLUMNNAME FROM DBC.COLUMNS where DATABASENAME='PBANKSDP_TB' AND TABLENAME = 'AND_IVR_Q3Q4_2011_012014';
2016-10-25 16:47:14,833 - teradata.udaexec - INFO - Query Successful. Duration: 10.228 seconds, Rows: 79, Query: SELECT DATABASENAME, TABLENAME, COLUMNNAME FROM DBC.COLUMNS where DATABASENAME='PBANKSDP_TB' AND TABLENAME = 'AND_IVR_Q4_2012_012014';
2016-10-25 16:47:21,187 - teradata.udaexec - INFO - Query Successful. Duration: 6.322 seconds, Rows: 207, Query: SELECT DATABASENAME, TABLENAME, COLUMNNAME FROM DBC.COLUMNS where DATABASENAME='PBANKSDP_TB' AND TABLENAME = 'BAN_09Q1_082012';
2016-10-25 16:47:32,660 - teradata.udaexec - INFO - Query Successful. Duration: 11.447 seconds, Rows: 207, Query: SELECT DATABASENAME, TABLENAME, COLUMNNAME FROM DBC.COLUMNS where DATABASENAME='PBANKSDP_TB' AND TABLENAME = 'BAN_09Q2_082012';
2016-10-25 16:47:51,909 - teradata.udaexec - INFO - Query Successful. Duration: 19.235 seconds, Rows: 207, Query: SELECT DATABASENAME, TABLENAME, COLUMNNAME FROM DBC.COLUMNS where DATABASENAME='PBANKSDP_TB' AND TABLENAME = 'BAN_09Q3_082012';
2016-10-25 16:48:03,072 - teradata.udaexec - INFO - Query Successful. Duration: 11.149 seconds, Rows: 207, Query: SELECT DATABASENAME, TABLENAME, COLUMNNAME FROM DBC.COLUMNS where DATABASENAME='PBANKSDP_TB' AND TABLENAME = 'BAN_09Q4_082012';
2016-10-25 16:48:03,087 - teradata.tdodbc - WARNING - 1 open connections found on exit, attempting to close...
2016-10-25 16:48:03,470 - teradata.udaexec - INFO - UdaExec exiting.
