2016-10-26 13:26:32,053 - teradata.udaexec - INFO - Initializing UdaExec...
2016-10-26 13:26:32,053 - teradata.udaexec - INFO - Reading config files: ['/etc/udaexec.ini: Not Found', '/Users/vro173/udaexec.ini: Not Found', '/Users/vro173/Documents/Python_programs/udaexec.ini: Not Found']
2016-10-26 13:26:32,053 - teradata.udaexec - INFO - Found run number file: "/Users/vro173/Documents/Python_programs/.runNumber"
2016-10-26 13:26:32,054 - teradata.udaexec - INFO - Cleaning up log files older than 90 days.
2016-10-26 13:26:32,054 - teradata.udaexec - INFO - Removed 0 log files.
2016-10-26 13:26:32,090 - teradata.udaexec - INFO - Checkpoint file not found: /Users/vro173/Documents/Python_programs/HelloWorld.checkpoint
2016-10-26 13:26:32,091 - teradata.udaexec - INFO - No previous checkpoint found, executing from beginning...
2016-10-26 13:26:32,091 - teradata.udaexec - INFO - Execution Details:
/********************************************************************************
 * Application Name: HelloWorld
 *          Version: 1.0
 *       Run Number: 20161026132632-31
 *             Host: acbc32a00557
 *         Platform: Darwin-15.6.0-x86_64-i386-64bit
 *          OS User: vro173
 *   Python Version: 3.5.2
 *  Python Compiler: GCC 4.2.1 Compatible Apple LLVM 4.2 (clang-425.0.28)
 *     Python Build: ('default', 'Jul  2 2016 17:52:12')
 *  UdaExec Version: 15.10.0.20
 *     Program Name: classify_tables.py
 *      Working Dir: /Users/vro173/Documents/Python_programs
 *          Log Dir: /Users/vro173/Documents/Python_programs/logs
 *         Log File: /Users/vro173/Documents/Python_programs/logs/HelloWorld.20161026132632-31.log
 *     Config Files: ['/etc/udaexec.ini: Not Found', '/Users/vro173/udaexec.ini: Not Found', '/Users/vro173/Documents/Python_programs/udaexec.ini: Not Found']
 *      Query Bands: ApplicationName=HelloWorld;Version=1.0;JobID=20161026132632-31;ClientUser=vro173;Production=False;udaAppLogFile=/Users/vro173/Documents/Python_programs/logs/HelloWorld.20161026132632-31.log;UtilityName=PyTd;UtilityVersion=15.10.0.20
********************************************************************************/
2016-10-26 13:26:32,097 - teradata.udaexec - INFO - Creating connection: {'username': 'vro173', 'system': 'oneview', 'password': 'XXXXXX', 'method': 'odbc'}
2016-10-26 13:26:32,097 - teradata.tdodbc - INFO - Loading ODBC Library: libiodbc.dylib
2016-10-26 13:26:32,103 - teradata.tdodbc - INFO - Available drivers: Amazon Redshift, MapR Drill ODBC Driver, MySQL ODBC 5.3 ANSI Driver, MySQL ODBC 5.3 Unicode Driver, PostgreSQL Unicode, Simba SQL Server ODBC Driver, Teradata
2016-10-26 13:26:32,997 - teradata.udaexec - INFO - Connection successful. Duration: 0.900 seconds. Details: {'username': 'vro173', 'system': 'oneview', 'password': 'XXXXXX', 'method': 'odbc'}
2016-10-26 13:26:46,777 - teradata.udaexec - INFO - Query Successful. Duration: 11.023 seconds, Rows: 12, Query: SELECT COLUMNNAME FROM DBC.COLUMNS where DATABASENAME='PMASTRAT_TB' AND TABLENAME = 'AND__122006';
2016-10-26 13:26:51,368 - teradata.udaexec - INFO - Query Successful. Duration: 4.582 seconds, Rows: 4, Query: SELECT COLUMNNAME FROM DBC.COLUMNS where DATABASENAME='PMASTRAT_TB' AND TABLENAME = 'AND_41789_042009';
2016-10-26 13:26:52,186 - teradata.udaexec - INFO - Query Successful. Duration: 0.813 seconds, Rows: 3, Query: SELECT COLUMNNAME FROM DBC.COLUMNS where DATABASENAME='PMASTRAT_TB' AND TABLENAME = 'AND_41789_CCB_042009';
2016-10-26 13:26:57,716 - teradata.udaexec - INFO - Query Successful. Duration: 5.525 seconds, Rows: 21, Query: SELECT COLUMNNAME FROM DBC.COLUMNS where DATABASENAME='PMASTRAT_TB' AND TABLENAME = 'AND_CAT1_AFFILIATE_122006';
2016-10-26 13:27:04,580 - teradata.udaexec - INFO - Query Successful. Duration: 6.858 seconds, Rows: 143, Query: SELECT COLUMNNAME FROM DBC.COLUMNS where DATABASENAME='PMASTRAT_TB' AND TABLENAME = 'AND_CAT1_APPLICATION_122006';
2016-10-26 13:27:11,506 - teradata.udaexec - INFO - Query Successful. Duration: 6.916 seconds, Rows: 4, Query: SELECT COLUMNNAME FROM DBC.COLUMNS where DATABASENAME='PMASTRAT_TB' AND TABLENAME = 'AND_CAT1_APR_TRNS_122006';
2016-10-26 13:27:15,533 - teradata.udaexec - INFO - Query Successful. Duration: 4.021 seconds, Rows: 12, Query: SELECT COLUMNNAME FROM DBC.COLUMNS where DATABASENAME='PMASTRAT_TB' AND TABLENAME = 'AND_CAT1_CONTACT_122006';
2016-10-26 13:27:19,835 - teradata.udaexec - INFO - Query Successful. Duration: 4.297 seconds, Rows: 3, Query: SELECT COLUMNNAME FROM DBC.COLUMNS where DATABASENAME='PMASTRAT_TB' AND TABLENAME = 'AND_CAT1_CONTACT_DISP_122006';
2016-10-26 13:27:21,766 - teradata.udaexec - INFO - Query Successful. Duration: 1.927 seconds, Rows: 2, Query: SELECT COLUMNNAME FROM DBC.COLUMNS where DATABASENAME='PMASTRAT_TB' AND TABLENAME = 'AND_CAT1_SBA_TD_REA_122006';
2016-10-26 13:27:27,413 - teradata.udaexec - INFO - Query Successful. Duration: 5.644 seconds, Rows: 4, Query: SELECT COLUMNNAME FROM DBC.COLUMNS where DATABASENAME='PMASTRAT_TB' AND TABLENAME = 'AND_CAT1_STATUS_122006';
2016-10-26 13:27:27,420 - teradata.tdodbc - WARNING - 1 open connections found on exit, attempting to close...
2016-10-26 13:27:28,027 - teradata.udaexec - INFO - UdaExec exiting.
