2016-10-26 10:51:39,659 - teradata.udaexec - INFO - Initializing UdaExec...
2016-10-26 10:51:39,659 - teradata.udaexec - INFO - Reading config files: ['/etc/udaexec.ini: Not Found', '/Users/vro173/udaexec.ini: Not Found', '/Users/vro173/Documents/Python_programs/udaexec.ini: Not Found']
2016-10-26 10:51:39,659 - teradata.udaexec - INFO - Found run number file: "/Users/vro173/Documents/Python_programs/.runNumber"
2016-10-26 10:51:39,659 - teradata.udaexec - INFO - Cleaning up log files older than 90 days.
2016-10-26 10:51:39,659 - teradata.udaexec - INFO - Removed 0 log files.
2016-10-26 10:51:39,708 - teradata.udaexec - INFO - Checkpoint file not found: /Users/vro173/Documents/Python_programs/HelloWorld.checkpoint
2016-10-26 10:51:39,709 - teradata.udaexec - INFO - No previous checkpoint found, executing from beginning...
2016-10-26 10:51:39,709 - teradata.udaexec - INFO - Execution Details:
/********************************************************************************
 * Application Name: HelloWorld
 *          Version: 1.0
 *       Run Number: 20161026105139-25
 *             Host: acbc32a00557
 *         Platform: Darwin-15.6.0-x86_64-i386-64bit
 *          OS User: vro173
 *   Python Version: 3.5.2
 *  Python Compiler: GCC 4.2.1 Compatible Apple LLVM 4.2 (clang-425.0.28)
 *     Python Build: ('default', 'Jul  2 2016 17:52:12')
 *  UdaExec Version: 15.10.0.20
 *     Program Name: classify_tables.py
 *      Working Dir: /Users/vro173/Documents/Python_programs
 *          Log Dir: /Users/vro173/Documents/Python_programs/logs
 *         Log File: /Users/vro173/Documents/Python_programs/logs/HelloWorld.20161026105139-25.log
 *     Config Files: ['/etc/udaexec.ini: Not Found', '/Users/vro173/udaexec.ini: Not Found', '/Users/vro173/Documents/Python_programs/udaexec.ini: Not Found']
 *      Query Bands: ApplicationName=HelloWorld;Version=1.0;JobID=20161026105139-25;ClientUser=vro173;Production=False;udaAppLogFile=/Users/vro173/Documents/Python_programs/logs/HelloWorld.20161026105139-25.log;UtilityName=PyTd;UtilityVersion=15.10.0.20
********************************************************************************/
2016-10-26 10:51:39,717 - teradata.udaexec - INFO - Creating connection: {'method': 'odbc', 'username': 'vro173', 'password': 'XXXXXX', 'system': 'oneview'}
2016-10-26 10:51:39,718 - teradata.tdodbc - INFO - Loading ODBC Library: libiodbc.dylib
2016-10-26 10:51:39,727 - teradata.tdodbc - INFO - Available drivers: Amazon Redshift, MapR Drill ODBC Driver, MySQL ODBC 5.3 ANSI Driver, MySQL ODBC 5.3 Unicode Driver, PostgreSQL Unicode, Simba SQL Server ODBC Driver, Teradata
2016-10-26 10:51:48,848 - teradata.udaexec - INFO - Connection successful. Duration: 9.131 seconds. Details: {'method': 'odbc', 'username': 'vro173', 'password': 'XXXXXX', 'system': 'oneview'}
2016-10-26 10:51:55,423 - teradata.udaexec - INFO - Query Successful. Duration: 3.532 seconds, Rows: 12, Query: SELECT DATABASENAME, TABLENAME, COLUMNNAME FROM DBC.COLUMNS where DATABASENAME='PMASTRAT_TB' AND TABLENAME = 'AND__122006';
2016-10-26 10:52:00,824 - teradata.udaexec - INFO - Query Successful. Duration: 5.396 seconds, Rows: 4, Query: SELECT DATABASENAME, TABLENAME, COLUMNNAME FROM DBC.COLUMNS where DATABASENAME='PMASTRAT_TB' AND TABLENAME = 'AND_41789_042009';
2016-10-26 10:52:08,363 - teradata.udaexec - INFO - Query Successful. Duration: 7.535 seconds, Rows: 3, Query: SELECT DATABASENAME, TABLENAME, COLUMNNAME FROM DBC.COLUMNS where DATABASENAME='PMASTRAT_TB' AND TABLENAME = 'AND_41789_CCB_042009';
2016-10-26 10:52:15,460 - teradata.udaexec - INFO - Query Successful. Duration: 7.093 seconds, Rows: 21, Query: SELECT DATABASENAME, TABLENAME, COLUMNNAME FROM DBC.COLUMNS where DATABASENAME='PMASTRAT_TB' AND TABLENAME = 'AND_CAT1_AFFILIATE_122006';
2016-10-26 10:52:23,787 - teradata.udaexec - INFO - Query Successful. Duration: 8.323 seconds, Rows: 143, Query: SELECT DATABASENAME, TABLENAME, COLUMNNAME FROM DBC.COLUMNS where DATABASENAME='PMASTRAT_TB' AND TABLENAME = 'AND_CAT1_APPLICATION_122006';
2016-10-26 10:52:30,410 - teradata.udaexec - INFO - Query Successful. Duration: 6.611 seconds, Rows: 4, Query: SELECT DATABASENAME, TABLENAME, COLUMNNAME FROM DBC.COLUMNS where DATABASENAME='PMASTRAT_TB' AND TABLENAME = 'AND_CAT1_APR_TRNS_122006';
2016-10-26 10:52:39,115 - teradata.udaexec - INFO - Query Successful. Duration: 8.700 seconds, Rows: 12, Query: SELECT DATABASENAME, TABLENAME, COLUMNNAME FROM DBC.COLUMNS where DATABASENAME='PMASTRAT_TB' AND TABLENAME = 'AND_CAT1_CONTACT_122006';
2016-10-26 10:52:44,029 - teradata.udaexec - INFO - Query Successful. Duration: 4.909 seconds, Rows: 3, Query: SELECT DATABASENAME, TABLENAME, COLUMNNAME FROM DBC.COLUMNS where DATABASENAME='PMASTRAT_TB' AND TABLENAME = 'AND_CAT1_CONTACT_DISP_122006';
2016-10-26 10:52:47,924 - teradata.udaexec - INFO - Query Successful. Duration: 3.878 seconds, Rows: 2, Query: SELECT DATABASENAME, TABLENAME, COLUMNNAME FROM DBC.COLUMNS where DATABASENAME='PMASTRAT_TB' AND TABLENAME = 'AND_CAT1_SBA_TD_REA_122006';
2016-10-26 10:52:52,640 - teradata.udaexec - INFO - Query Successful. Duration: 4.700 seconds, Rows: 4, Query: SELECT DATABASENAME, TABLENAME, COLUMNNAME FROM DBC.COLUMNS where DATABASENAME='PMASTRAT_TB' AND TABLENAME = 'AND_CAT1_STATUS_122006';
2016-10-26 10:52:58,795 - teradata.udaexec - INFO - Query Successful. Duration: 6.151 seconds, Rows: 2, Query: SELECT DATABASENAME, TABLENAME, COLUMNNAME FROM DBC.COLUMNS where DATABASENAME='PMASTRAT_TB' AND TABLENAME = 'AND_CAT1_WITHDRAWN_122006';
2016-10-26 10:52:58,809 - teradata.tdodbc - WARNING - 1 open connections found on exit, attempting to close...
2016-10-26 10:52:59,492 - teradata.udaexec - INFO - UdaExec exiting.
